<?xml version="1.0" encoding="UTF-8"?>
<testng-results skipped="0" failed="0" total="1" passed="1">
  <reporter-output>
  </reporter-output>
  <suite name="Default suite" duration-ms="52" started-at="2017-04-19T00:37:03Z" finished-at="2017-04-19T00:37:03Z">
    <groups>
    </groups>
    <test name="Default test" duration-ms="52" started-at="2017-04-19T00:37:03Z" finished-at="2017-04-19T00:37:03Z">
      <class name="com.learnautomation.selenium.DemoForMaven">
        <test-method status="PASS" signature="testHello()[pri:0, instance:com.learnautomation.selenium.DemoForMaven@26426fde]" name="testHello" duration-ms="12" started-at="2017-04-18T19:37:03Z" finished-at="2017-04-18T19:37:03Z">
          <reporter-output>
          </reporter-output>
        </test-method> <!-- testHello -->
      </class> <!-- com.learnautomation.selenium.DemoForMaven -->
    </test> <!-- Default test -->
  </suite> <!-- Default suite -->
</testng-results>
